<?xml version="1.0" encoding="UTF-8"?>
<!-- Generated by org.testng.reporters.JUnitReportReporter -->
<testsuite hostname="DESKTOP-H9GVHJJ" failures="0" tests="1" name="automation.testsuite.day11_Checkbox" time="5.060" errors="0" timestamp="2024-02-28T20:46:44 ICT" skipped="0">
  <testcase classname="automation.testsuite.day11_Checkbox" name="clickMultiCheckbox3" time="5.060"/>
  <system-out/>
</testsuite> <!-- automation.testsuite.day11_Checkbox -->
