<?xml version="1.0" encoding="UTF-8"?>
<!-- Generated by org.testng.reporters.JUnitReportReporter -->
<testsuite hostname="DESKTOP-H9GVHJJ" failures="0" tests="1" name="automation.testsuite.day12_DropdownList" time="3.620" errors="0" timestamp="2024-02-29T19:53:35 ICT" skipped="0">
  <testcase classname="automation.testsuite.day12_DropdownList" name="testDropdownlist" time="3.620"/>
  <system-out/>
</testsuite> <!-- automation.testsuite.day12_DropdownList -->
