<?xml version="1.0" encoding="UTF-8"?>
<!-- Generated by org.testng.reporters.JUnitReportReporter -->
<testsuite hostname="DESKTOP-H9GVHJJ" failures="0" tests="1" name="automation.testsuite.AddClientTest" time="18.750" errors="0" timestamp="2024-03-07T21:09:06 ICT" skipped="0">
  <testcase classname="automation.testsuite.AddClientTest" name="addClientSuccessfully" time="18.750"/>
  <system-out/>
</testsuite> <!-- automation.testsuite.AddClientTest -->
