<?xml version="1.0" encoding="UTF-8"?>
<!-- Generated by org.testng.reporters.JUnitReportReporter -->
<testsuite hostname="DESKTOP-H9GVHJJ" failures="0" tests="4" name="automation.testsuite.LoginTest_Day14" time="20.871" errors="0" timestamp="2024-03-03T20:23:43 ICT" skipped="0">
  <testcase classname="automation.testsuite.LoginTest_Day14" name="loginFail_EmailIncorrectFormat" time="4.130"/>
  <system-out/>
  <testcase classname="automation.testsuite.LoginTest_Day14" name="loginFail_PassIncorrectValue" time="6.771"/>
  <system-out/>
  <testcase classname="automation.testsuite.LoginTest_Day14" name="loginSuccessfully" time="5.593"/>
  <system-out/>
  <testcase classname="automation.testsuite.LoginTest_Day14" name="loginFail_EmailIncorrectValue" time="4.377"/>
  <system-out/>
</testsuite> <!-- automation.testsuite.LoginTest_Day14 -->
