<?xml version="1.0" encoding="UTF-8"?>
<!-- Generated by org.testng.reporters.JUnitReportReporter -->
<testsuite hostname="DESKTOP-H9GVHJJ" failures="0" tests="2" name="automation.testsuite.AddClientTest" time="47.815" errors="0" timestamp="2024-03-20T23:33:04 ICT" skipped="0">
  <testcase classname="automation.testsuite.AddClientTest" name="addClientSuccessfully" time="26.808"/>
  <system-out/>
  <testcase classname="automation.testsuite.AddClientTest" name="addClientSuccessfully" time="21.007"/>
  <system-out/>
</testsuite> <!-- automation.testsuite.AddClientTest -->
