<?xml version="1.0" encoding="UTF-8"?>
<!-- Generated by org.testng.reporters.JUnitReportReporter -->
<testsuite hostname="DESKTOP-H9GVHJJ" failures="0" tests="1" name="automation.testsuite.day11_Radiobutton" time="4.856" errors="0" timestamp="2024-02-28T20:23:15 ICT" skipped="0">
  <testcase classname="automation.testsuite.day11_Radiobutton" name="clickRadio" time="4.856"/>
  <system-out/>
</testsuite> <!-- automation.testsuite.day11_Radiobutton -->
