<?xml version="1.0" encoding="UTF-8"?>
<!-- Generated by org.testng.reporters.JUnitReportReporter -->
<testsuite hostname="DESKTOP-H9GVHJJ" failures="0" tests="1" name="automation.testsuite.HandleReadOnlyDatePicker" time="3.455" errors="0" timestamp="2024-03-09T21:26:20 ICT" skipped="0">
  <testcase classname="automation.testsuite.HandleReadOnlyDatePicker" name="HandleDatePicker" time="3.455"/>
  <system-out/>
</testsuite> <!-- automation.testsuite.HandleReadOnlyDatePicker -->
