<?xml version="1.0" encoding="UTF-8"?>
<!-- Generated by org.testng.reporters.JUnitReportReporter -->
<testsuite hostname="DESKTOP-H9GVHJJ" failures="0" tests="1" name="automation.testsuite.FinalProject" time="28.906" errors="0" timestamp="2024-03-30T09:44:14 ICT" skipped="0">
  <testcase classname="automation.testsuite.FinalProject" name="deleteProjectSuccessfully" time="28.906"/>
  <system-out/>
</testsuite> <!-- automation.testsuite.FinalProject -->
