<?xml version="1.0" encoding="UTF-8"?>
<!-- Generated by org.testng.reporters.JUnitReportReporter -->
<testsuite hostname="DESKTOP-H9GVHJJ" failures="0" tests="1" name="automation.testsuite.day8_Homework" time="4.539" errors="0" timestamp="2024-01-31T14:57:37 ICT" skipped="0">
  <testcase classname="automation.testsuite.day8_Homework" name="praticeSeletor" time="4.539"/>
  <system-out/>
</testsuite> <!-- automation.testsuite.day8_Homework -->
