<?xml version="1.0" encoding="UTF-8"?>
<!-- Generated by org.testng.reporters.JUnitReportReporter -->
<testsuite hostname="DESKTOP-H9GVHJJ" failures="0" tests="1" name="automation.testsuite.day8_Locator2" time="6.230" errors="0" timestamp="2024-01-28T20:50:48 ICT" skipped="0">
  <testcase classname="automation.testsuite.day8_Locator2" name="praticeSeletor" time="6.230"/>
  <system-out/>
</testsuite> <!-- automation.testsuite.day8_Locator2 -->
