<?xml version="1.0" encoding="UTF-8"?>
<!-- Generated by org.testng.reporters.JUnitReportReporter -->
<testsuite hostname="DESKTOP-H9GVHJJ" failures="0" tests="3" name="automation.testsuite.LoginTest" time="14.493" errors="0" timestamp="2024-03-03T14:42:27 ICT" skipped="0">
  <testcase classname="automation.testsuite.LoginTest" name="loginSuccessfully" time="4.752"/>
  <system-out/>
  <testcase classname="automation.testsuite.LoginTest" name="loginFailIncorrectPass" time="4.081"/>
  <system-out/>
  <testcase classname="automation.testsuite.LoginTest" name="loginFailIncorrectEmail" time="5.660"/>
  <system-out/>
</testsuite> <!-- automation.testsuite.LoginTest -->
