<?xml version="1.0" encoding="UTF-8"?>
<!-- Generated by org.testng.reporters.JUnitReportReporter -->
<testsuite hostname="DESKTOP-H9GVHJJ" failures="0" tests="2" name="automation.testsuite.Day16_Alert1" time="39.568" errors="0" timestamp="2024-03-10T20:05:40 ICT" skipped="0">
  <testcase classname="automation.testsuite.Day16_Alert1" name="dismissAlert" time="14.163"/>
  <system-out/>
  <testcase classname="automation.testsuite.Day16_Alert1" name="acceptAlert" time="25.405"/>
  <system-out/>
</testsuite> <!-- automation.testsuite.Day16_Alert1 -->
