<?xml version="1.0" encoding="UTF-8"?>
<!-- Generated by org.testng.reporters.JUnitReportReporter -->
<testsuite hostname="DESKTOP-H9GVHJJ" failures="0" tests="1" name="automation.testsuite.Day15_Homework" time="9.144" errors="0" timestamp="2024-03-09T21:21:19 ICT" skipped="0">
  <testcase classname="automation.testsuite.Day15_Homework" name="SeachSuccessfully" time="9.144"/>
  <system-out/>
</testsuite> <!-- automation.testsuite.Day15_Homework -->
