<?xml version="1.0" encoding="UTF-8"?>
<!-- Generated by org.testng.reporters.JUnitReportReporter -->
<testsuite hostname="DESKTOP-H9GVHJJ" failures="0" tests="1" name="automation.testsuite.Day16_Homework2" time="16.008" errors="0" timestamp="2024-03-13T11:00:29 ICT" skipped="0">
  <testcase classname="automation.testsuite.Day16_Homework2" name="assertAlert" time="16.008"/>
  <system-out/>
</testsuite> <!-- automation.testsuite.Day16_Homework2 -->
