<?xml version="1.0" encoding="UTF-8"?>
<!-- Generated by org.testng.reporters.JUnitReportReporter -->
<testsuite hostname="DESKTOP-H9GVHJJ" failures="0" tests="1" name="automation.testsuite.Day16_Alert2" time="7.214" errors="0" timestamp="2024-03-10T21:09:03 ICT" skipped="0">
  <testcase classname="automation.testsuite.Day16_Alert2" name="dismisstextboxAlert" time="7.214"/>
  <system-out/>
</testsuite> <!-- automation.testsuite.Day16_Alert2 -->
