<?xml version="1.0" encoding="UTF-8"?>
<!-- Generated by org.testng.reporters.JUnitReportReporter -->
<testsuite hostname="DESKTOP-H9GVHJJ" failures="0" tests="1" name="automation.testsuite.Day17_iFrame" time="9.788" errors="0" timestamp="2024-03-14T21:21:39 ICT" skipped="0">
  <testcase classname="automation.testsuite.Day17_iFrame" name="case_DangKyKhongThanhCong_ThieuEmail" time="9.788"/>
  <system-out/>
</testsuite> <!-- automation.testsuite.Day17_iFrame -->
