<?xml version="1.0" encoding="UTF-8"?>
<!-- Generated by org.testng.reporters.JUnitReportReporter -->
<testsuite hostname="DESKTOP-H9GVHJJ" failures="0" tests="1" name="automation.testsuite.Day14_Homework" time="67.035" errors="0" timestamp="2024-03-13T10:03:31 ICT" skipped="0">
  <testcase classname="automation.testsuite.Day14_Homework" name="EditPassSuccessfully" time="67.035"/>
  <system-out/>
</testsuite> <!-- automation.testsuite.Day14_Homework -->
