<?xml version="1.0" encoding="UTF-8"?>
<!-- Generated by org.testng.reporters.JUnitReportReporter -->
<testsuite hostname="DESKTOP-H9GVHJJ" failures="0" tests="1" name="automation.testsuite.Day7_Practice" time="9.027" errors="0" timestamp="2024-01-28T20:33:52 ICT" skipped="0">
  <testcase classname="automation.testsuite.Day7_Practice" name="praticeSeletor" time="9.027"/>
  <system-out/>
</testsuite> <!-- automation.testsuite.Day7_Practice -->
