<?xml version="1.0" encoding="UTF-8"?>
<!-- Generated by org.testng.reporters.JUnitReportReporter -->
<testsuite hostname="DESKTOP-H9GVHJJ" failures="0" tests="1" name="automation.testsuite.day12_Radiobutton" time="3.445" errors="0" timestamp="2024-03-10T14:10:05 ICT" skipped="0">
  <testcase classname="automation.testsuite.day12_Radiobutton" name="clickRadio" time="3.445"/>
  <system-out/>
</testsuite> <!-- automation.testsuite.day12_Radiobutton -->
