<?xml version="1.0" encoding="UTF-8"?>
<!-- Generated by org.testng.reporters.JUnitReportReporter -->
<testsuite hostname="DESKTOP-H9GVHJJ" failures="0" tests="1" name="automation.testsuite.Day17_WindowHandle" time="11.217" errors="0" timestamp="2024-03-14T20:08:01 ICT" skipped="0">
  <testcase classname="automation.testsuite.Day17_WindowHandle" name="handleWindowPopup" time="11.217"/>
  <system-out/>
</testsuite> <!-- automation.testsuite.Day17_WindowHandle -->
